[debug] [2022-02-01T20:49:03.001Z] ----------------------------------------------------------------------
[debug] [2022-02-01T20:49:03.004Z] Command:       C:\Program Files\nodejs\node.exe C:\Users\Sergio\AppData\Roaming\npm\node_modules\firebase-tools\lib\bin\firebase.js init
[debug] [2022-02-01T20:49:03.004Z] CLI Version:   10.1.3
[debug] [2022-02-01T20:49:03.004Z] Platform:      win32
[debug] [2022-02-01T20:49:03.004Z] Node Version:  v14.17.1
[debug] [2022-02-01T20:49:03.006Z] Time:          Tue Feb 01 2022 15:49:03 GMT-0500 (hora estándar de Colombia)
[debug] [2022-02-01T20:49:03.006Z] ----------------------------------------------------------------------
[debug] 
[debug] [2022-02-01T20:49:03.017Z] > command requires scopes: ["email","openid","https://www.googleapis.com/auth/cloudplatformprojects.readonly","https://www.googleapis.com/auth/firebase","https://www.googleapis.com/auth/cloud-platform"]
[debug] [2022-02-01T20:49:03.017Z] > authorizing via signed-in user (cunati.labs@gmail.com)
[info] 
     ######## #### ########  ######## ########     ###     ######  ########
     ##        ##  ##     ## ##       ##     ##  ##   ##  ##       ##
     ######    ##  ########  ######   ########  #########  ######  ######
     ##        ##  ##    ##  ##       ##     ## ##     ##       ## ##
     ##       #### ##     ## ######## ########  ##     ##  ######  ########

You're about to initialize a Firebase project in this directory:

  C:\Users\Sergio\Documents\Cunati\2022\PollasPlay\cunati_lab

[info] 
=== Project Setup
[info] 
[info] First, let's associate this project directory with a Firebase project.
[info] You can create multiple project aliases by running firebase use --add, 
[info] but for now we'll just set up a default project.
[info] 
[info] i  If you want to create a project in a Google Cloud organization or folder, please use "firebase projects:create" instead, and return to this command when you've created the project. 
[debug] [2022-02-01T20:51:28.934Z] > refreshing access token with scopes: ["email","https://www.googleapis.com/auth/cloud-platform","https://www.googleapis.com/auth/cloudplatformprojects.readonly","https://www.googleapis.com/auth/firebase","openid"]
[debug] [2022-02-01T20:51:28.935Z] >>> HTTP REQUEST POST https://www.googleapis.com/oauth2/v3/token  
 <request body omitted>
[debug] [2022-02-01T20:51:29.318Z] <<< HTTP RESPONSE 200 {"cache-control":"no-cache, no-store, max-age=0, must-revalidate","pragma":"no-cache","date":"Tue, 01 Feb 2022 20:51:29 GMT","expires":"Mon, 01 Jan 1990 00:00:00 GMT","content-type":"application/json; charset=utf-8","vary":"X-Origin, Referer, Origin,Accept-Encoding","server":"scaffolding on HTTPServer2","x-xss-protection":"0","x-frame-options":"SAMEORIGIN","x-content-type-options":"nosniff","alt-svc":"h3=\":443\"; ma=2592000,h3-29=\":443\"; ma=2592000,h3-Q050=\":443\"; ma=2592000,h3-Q046=\":443\"; ma=2592000,h3-Q043=\":443\"; ma=2592000,quic=\":443\"; ma=2592000; v=\"46,43\"","accept-ranges":"none","transfer-encoding":"chunked"}
[debug] [2022-02-01T20:51:29.346Z] >>> HTTP REQUEST POST https://cloudresourcemanager.googleapis.com/v1/projects  
 {"projectId":"cunati-lab1-git-actions","name":"cunati-lab1-git-actions"}
[debug] [2022-02-01T20:51:30.145Z] <<< HTTP RESPONSE 200 {"content-type":"application/json; charset=UTF-8","vary":"X-Origin, Referer, Origin,Accept-Encoding","date":"Tue, 01 Feb 2022 20:51:30 GMT","server":"ESF","cache-control":"private","x-xss-protection":"0","x-frame-options":"SAMEORIGIN","x-content-type-options":"nosniff","server-timing":"gfet4t7; dur=496","alt-svc":"h3=\":443\"; ma=2592000,h3-29=\":443\"; ma=2592000,h3-Q050=\":443\"; ma=2592000,h3-Q046=\":443\"; ma=2592000,h3-Q043=\":443\"; ma=2592000,quic=\":443\"; ma=2592000; v=\"46,43\"","accept-ranges":"none","transfer-encoding":"chunked"}
[debug] [2022-02-01T20:51:30.152Z] > refreshing access token with scopes: []
[debug] [2022-02-01T20:51:30.153Z] >>> HTTP REQUEST POST https://www.googleapis.com/oauth2/v3/token  
 <request body omitted>
[debug] [2022-02-01T20:51:30.344Z] <<< HTTP RESPONSE 200 {"pragma":"no-cache","date":"Tue, 01 Feb 2022 20:51:30 GMT","cache-control":"no-cache, no-store, max-age=0, must-revalidate","expires":"Mon, 01 Jan 1990 00:00:00 GMT","content-type":"application/json; charset=utf-8","vary":"X-Origin, Referer, Origin,Accept-Encoding","server":"scaffolding on HTTPServer2","x-xss-protection":"0","x-frame-options":"SAMEORIGIN","x-content-type-options":"nosniff","alt-svc":"h3=\":443\"; ma=2592000,h3-29=\":443\"; ma=2592000,h3-Q050=\":443\"; ma=2592000,h3-Q046=\":443\"; ma=2592000,h3-Q043=\":443\"; ma=2592000,quic=\":443\"; ma=2592000; v=\"46,43\"","accept-ranges":"none","transfer-encoding":"chunked"}
[debug] [2022-02-01T20:51:30.372Z] >>> [apiv2][query] GET https://cloudresourcemanager.googleapis.com/v1/operations/cp.7786876113185239865 [none]
[debug] [2022-02-01T20:51:31.031Z] <<< [apiv2][status] GET https://cloudresourcemanager.googleapis.com/v1/operations/cp.7786876113185239865 200
[debug] [2022-02-01T20:51:31.032Z] <<< [apiv2][body] GET https://cloudresourcemanager.googleapis.com/v1/operations/cp.7786876113185239865 {"name":"operations/cp.7786876113185239865"}
[debug] [2022-02-01T20:51:31.541Z] [Project Creation Poller] Retrying task index 0
[debug] [2022-02-01T20:51:31.542Z] >>> [apiv2][query] GET https://cloudresourcemanager.googleapis.com/v1/operations/cp.7786876113185239865 [none]
[debug] [2022-02-01T20:51:32.229Z] <<< [apiv2][status] GET https://cloudresourcemanager.googleapis.com/v1/operations/cp.7786876113185239865 200
[debug] [2022-02-01T20:51:32.230Z] <<< [apiv2][body] GET https://cloudresourcemanager.googleapis.com/v1/operations/cp.7786876113185239865 {"name":"operations/cp.7786876113185239865","metadata":{"@type":"type.googleapis.com/google.cloudresourcemanager.v1.ProjectCreationStatus","gettable":true}}
[debug] [2022-02-01T20:51:33.244Z] [Project Creation Poller] Retrying task index 0
[debug] [2022-02-01T20:51:33.245Z] >>> [apiv2][query] GET https://cloudresourcemanager.googleapis.com/v1/operations/cp.7786876113185239865 [none]
[debug] [2022-02-01T20:51:34.030Z] <<< [apiv2][status] GET https://cloudresourcemanager.googleapis.com/v1/operations/cp.7786876113185239865 200
[debug] [2022-02-01T20:51:34.031Z] <<< [apiv2][body] GET https://cloudresourcemanager.googleapis.com/v1/operations/cp.7786876113185239865 {"name":"operations/cp.7786876113185239865","metadata":{"@type":"type.googleapis.com/google.cloudresourcemanager.v1.ProjectCreationStatus","gettable":true,"ready":true},"done":true,"response":{"@type":"type.googleapis.com/google.cloudresourcemanager.v1.Project","projectNumber":"812466750085","projectId":"cunati-lab1-git-actions","lifecycleState":"ACTIVE","name":"cunati-lab1-git-actions","createTime":"2022-02-01T20:51:29.940Z"}}
[debug] [2022-02-01T20:51:34.039Z] > refreshing access token with scopes: ["email","https://www.googleapis.com/auth/cloud-platform","https://www.googleapis.com/auth/cloudplatformprojects.readonly","https://www.googleapis.com/auth/firebase","openid"]
[debug] [2022-02-01T20:51:34.040Z] >>> HTTP REQUEST POST https://www.googleapis.com/oauth2/v3/token  
 <request body omitted>
[debug] [2022-02-01T20:51:34.264Z] <<< HTTP RESPONSE 200 {"date":"Tue, 01 Feb 2022 20:51:34 GMT","pragma":"no-cache","cache-control":"no-cache, no-store, max-age=0, must-revalidate","expires":"Mon, 01 Jan 1990 00:00:00 GMT","content-type":"application/json; charset=utf-8","vary":"X-Origin, Referer, Origin,Accept-Encoding","server":"scaffolding on HTTPServer2","x-xss-protection":"0","x-frame-options":"SAMEORIGIN","x-content-type-options":"nosniff","alt-svc":"h3=\":443\"; ma=2592000,h3-29=\":443\"; ma=2592000,h3-Q050=\":443\"; ma=2592000,h3-Q046=\":443\"; ma=2592000,h3-Q043=\":443\"; ma=2592000,quic=\":443\"; ma=2592000; v=\"46,43\"","accept-ranges":"none","transfer-encoding":"chunked"}
[debug] [2022-02-01T20:51:34.292Z] >>> HTTP REQUEST POST https://firebase.googleapis.com/v1beta1/projects/cunati-lab1-git-actions:addFirebase  
 
[debug] [2022-02-01T20:51:36.437Z] <<< HTTP RESPONSE 200 {"content-type":"application/json; charset=UTF-8","vary":"X-Origin, Referer, Origin,Accept-Encoding","date":"Tue, 01 Feb 2022 20:51:36 GMT","server":"ESF","cache-control":"private","x-xss-protection":"0","x-frame-options":"SAMEORIGIN","x-content-type-options":"nosniff","alt-svc":"h3=\":443\"; ma=2592000,h3-29=\":443\"; ma=2592000,h3-Q050=\":443\"; ma=2592000,h3-Q046=\":443\"; ma=2592000,h3-Q043=\":443\"; ma=2592000,quic=\":443\"; ma=2592000; v=\"46,43\"","accept-ranges":"none","transfer-encoding":"chunked"}
[debug] [2022-02-01T20:51:36.439Z] > refreshing access token with scopes: []
[debug] [2022-02-01T20:51:36.440Z] >>> HTTP REQUEST POST https://www.googleapis.com/oauth2/v3/token  
 <request body omitted>
[debug] [2022-02-01T20:51:36.651Z] <<< HTTP RESPONSE 200 {"pragma":"no-cache","date":"Tue, 01 Feb 2022 20:51:36 GMT","expires":"Mon, 01 Jan 1990 00:00:00 GMT","cache-control":"no-cache, no-store, max-age=0, must-revalidate","content-type":"application/json; charset=utf-8","vary":"X-Origin, Referer, Origin,Accept-Encoding","server":"scaffolding on HTTPServer2","x-xss-protection":"0","x-frame-options":"SAMEORIGIN","x-content-type-options":"nosniff","alt-svc":"h3=\":443\"; ma=2592000,h3-29=\":443\"; ma=2592000,h3-Q050=\":443\"; ma=2592000,h3-Q046=\":443\"; ma=2592000,h3-Q043=\":443\"; ma=2592000,quic=\":443\"; ma=2592000; v=\"46,43\"","accept-ranges":"none","transfer-encoding":"chunked"}
[debug] [2022-02-01T20:51:36.667Z] >>> [apiv2][query] GET https://firebase.googleapis.com/v1beta1/operations/workflows/MzVhOTg2MzItYWY3YS00MmY3LWJhYTQtNTBiNTkzNzA4YjVi [none]
[debug] [2022-02-01T20:51:37.216Z] <<< [apiv2][status] GET https://firebase.googleapis.com/v1beta1/operations/workflows/MzVhOTg2MzItYWY3YS00MmY3LWJhYTQtNTBiNTkzNzA4YjVi 200
[debug] [2022-02-01T20:51:37.217Z] <<< [apiv2][body] GET https://firebase.googleapis.com/v1beta1/operations/workflows/MzVhOTg2MzItYWY3YS00MmY3LWJhYTQtNTBiNTkzNzA4YjVi {"name":"operations/workflows/MzVhOTg2MzItYWY3YS00MmY3LWJhYTQtNTBiNTkzNzA4YjVi"}
[debug] [2022-02-01T20:51:37.724Z] [Add Firebase Poller] Retrying task index 0
[debug] [2022-02-01T20:51:37.726Z] >>> [apiv2][query] GET https://firebase.googleapis.com/v1beta1/operations/workflows/MzVhOTg2MzItYWY3YS00MmY3LWJhYTQtNTBiNTkzNzA4YjVi [none]
[debug] [2022-02-01T20:51:38.154Z] <<< [apiv2][status] GET https://firebase.googleapis.com/v1beta1/operations/workflows/MzVhOTg2MzItYWY3YS00MmY3LWJhYTQtNTBiNTkzNzA4YjVi 200
[debug] [2022-02-01T20:51:38.154Z] <<< [apiv2][body] GET https://firebase.googleapis.com/v1beta1/operations/workflows/MzVhOTg2MzItYWY3YS00MmY3LWJhYTQtNTBiNTkzNzA4YjVi {"name":"operations/workflows/MzVhOTg2MzItYWY3YS00MmY3LWJhYTQtNTBiNTkzNzA4YjVi"}
[debug] [2022-02-01T20:51:39.160Z] [Add Firebase Poller] Retrying task index 0
[debug] [2022-02-01T20:51:39.161Z] >>> [apiv2][query] GET https://firebase.googleapis.com/v1beta1/operations/workflows/MzVhOTg2MzItYWY3YS00MmY3LWJhYTQtNTBiNTkzNzA4YjVi [none]
[debug] [2022-02-01T20:51:39.634Z] <<< [apiv2][status] GET https://firebase.googleapis.com/v1beta1/operations/workflows/MzVhOTg2MzItYWY3YS00MmY3LWJhYTQtNTBiNTkzNzA4YjVi 200
[debug] [2022-02-01T20:51:39.635Z] <<< [apiv2][body] GET https://firebase.googleapis.com/v1beta1/operations/workflows/MzVhOTg2MzItYWY3YS00MmY3LWJhYTQtNTBiNTkzNzA4YjVi {"name":"operations/workflows/MzVhOTg2MzItYWY3YS00MmY3LWJhYTQtNTBiNTkzNzA4YjVi"}
[debug] [2022-02-01T20:51:41.638Z] [Add Firebase Poller] Retrying task index 0
[debug] [2022-02-01T20:51:41.639Z] >>> [apiv2][query] GET https://firebase.googleapis.com/v1beta1/operations/workflows/MzVhOTg2MzItYWY3YS00MmY3LWJhYTQtNTBiNTkzNzA4YjVi [none]
[debug] [2022-02-01T20:51:42.345Z] <<< [apiv2][status] GET https://firebase.googleapis.com/v1beta1/operations/workflows/MzVhOTg2MzItYWY3YS00MmY3LWJhYTQtNTBiNTkzNzA4YjVi 200
[debug] [2022-02-01T20:51:42.345Z] <<< [apiv2][body] GET https://firebase.googleapis.com/v1beta1/operations/workflows/MzVhOTg2MzItYWY3YS00MmY3LWJhYTQtNTBiNTkzNzA4YjVi {"name":"operations/workflows/MzVhOTg2MzItYWY3YS00MmY3LWJhYTQtNTBiNTkzNzA4YjVi"}
[debug] [2022-02-01T20:51:46.352Z] [Add Firebase Poller] Retrying task index 0
[debug] [2022-02-01T20:51:46.353Z] >>> [apiv2][query] GET https://firebase.googleapis.com/v1beta1/operations/workflows/MzVhOTg2MzItYWY3YS00MmY3LWJhYTQtNTBiNTkzNzA4YjVi [none]
[debug] [2022-02-01T20:51:47.013Z] <<< [apiv2][status] GET https://firebase.googleapis.com/v1beta1/operations/workflows/MzVhOTg2MzItYWY3YS00MmY3LWJhYTQtNTBiNTkzNzA4YjVi 200
[debug] [2022-02-01T20:51:47.013Z] <<< [apiv2][body] GET https://firebase.googleapis.com/v1beta1/operations/workflows/MzVhOTg2MzItYWY3YS00MmY3LWJhYTQtNTBiNTkzNzA4YjVi {"name":"operations/workflows/MzVhOTg2MzItYWY3YS00MmY3LWJhYTQtNTBiNTkzNzA4YjVi","done":true,"response":{"@type":"type.googleapis.com/google.firebase.service.v1beta1.FirebaseProject","projectId":"cunati-lab1-git-actions","projectNumber":"812466750085","displayName":"cunati-lab1-git-actions","name":"projects/cunati-lab1-git-actions","resources":{"hostingSite":"cunati-lab1-git-actions"}}}
[info] 
[info] === Your Firebase project is ready! ===
[info] 
[info] Project information:
[info]    - Project ID: cunati-lab1-git-actions
[info]    - Project Name: cunati-lab1-git-actions
[info] 
[info] Firebase console is available at
[info] https://console.firebase.google.com/project/cunati-lab1-git-actions/overview
[info] i  Using project cunati-lab1-git-actions (cunati-lab1-git-actions) 
[info] 
=== Hosting Setup
[info] 
[info] Your public directory is the folder (relative to your project directory) that
[info] will contain Hosting assets to be uploaded with firebase deploy. If you
[info] have a build process for your assets, use your build's output directory.
[info] 
[info] +  Wrote public/404.html 
[debug] [2022-02-01T20:52:21.543Z] >>> [apiv2][query] GET https://www.gstatic.com/firebasejs/releases.json [none]
[debug] [2022-02-01T20:52:21.815Z] <<< [apiv2][status] GET https://www.gstatic.com/firebasejs/releases.json 200
[debug] [2022-02-01T20:52:21.816Z] <<< [apiv2][body] GET https://www.gstatic.com/firebasejs/releases.json {"current":{"version":"9.6.5","browserURL":"https://www.gstatic.com/firebasejs/9.6.5/firebase.js","packageURL":"https://www.gstatic.com/firebasejs/9.6.5/firebase.tgz"},"live":{"version":"9.6","browserURL":"https://www.gstatic.com/firebasejs/live/9.6/firebase.js","packageURL":"https://www.gstatic.com/firebasejs/live/9.6/firebase.tgz"},"components":{"analytics":"https://www.gstatic.com/firebasejs/9.6.5/firebase-analytics.js","app":"https://www.gstatic.com/firebasejs/9.6.5/firebase-app.js","app-check":"https://www.gstatic.com/firebasejs/9.6.5/firebase-app-check.js","auth":"https://www.gstatic.com/firebasejs/9.6.5/firebase-auth.js","auth/cordova":"https://www.gstatic.com/firebasejs/9.6.5/firebase-auth/cordova.js","auth/react-native":"https://www.gstatic.com/firebasejs/9.6.5/firebase-auth/react-native.js","functions":"https://www.gstatic.com/firebasejs/9.6.5/firebase-functions.js","firestore":"https://www.gstatic.com/firebasejs/9.6.5/firebase-firestore.js","firestore/lite":"https://www.gstatic.com/firebasejs/9.6.5/firebase-firestore/lite.js","storage":"https://www.gstatic.com/firebasejs/9.6.5/firebase-storage.js","performance":"https://www.gstatic.com/firebasejs/9.6.5/firebase-performance.js","remote-config":"https://www.gstatic.com/firebasejs/9.6.5/firebase-remote-config.js","messaging":"https://www.gstatic.com/firebasejs/9.6.5/firebase-messaging.js","messaging/sw":"https://www.gstatic.com/firebasejs/9.6.5/firebase-messaging/sw.js","database":"https://www.gstatic.com/firebasejs/9.6.5/firebase-database.js","firestore.memory":"https://www.gstatic.com/firebasejs/9.6.5/firebase-firestore.memory.js"}}
[info] i  Skipping write of public/index.html 
[info] 
[info] i  Didn't detect a .git folder. Assuming C:\Users\Sergio\Documents\Cunati\2022\PollasPlay\cunati_lab is the project root. 
[info] i  Authorizing with GitHub to upload your service account to a GitHub repository's secrets store. 
[info] 
[info] Visit this URL on this device to log in:
[info] https://github.com/login/oauth/authorize?client_id=89cf50f02ac6aaed3484&state=250073342&redirect_uri=http%3A%2F%2Flocalhost%3A9005&scope=read%3Auser%20repo%20public_repo
[info] 
[info] Waiting for authentication...
[debug] [2022-02-01T20:52:31.182Z] >>> HTTP REQUEST POST https://github.com/login/oauth/access_token  
 {"client_id":"89cf50f02ac6aaed3484","client_secret":"3330d14abc895d9a74d5f17cd7a00711fa2c5bf0","code":"7717d7cb43398c8fef86","redirect_uri":"http://localhost:9005","state":"250073342"}
[debug] [2022-02-01T20:52:32.726Z] <<< HTTP RESPONSE 200 {"server":"GitHub.com","date":"Tue, 01 Feb 2022 20:52:32 GMT","content-type":"application/json; charset=utf-8","transfer-encoding":"chunked","vary":"X-PJAX, X-PJAX-Container, Accept-Encoding, Accept, X-Requested-With","permissions-policy":"interest-cohort=()","etag":"W/\"c41a72680866dcdb68dc09f09d106e85\"","cache-control":"max-age=0, private, must-revalidate","strict-transport-security":"max-age=31536000; includeSubdomains; preload","x-frame-options":"deny","x-content-type-options":"nosniff","x-xss-protection":"0","referrer-policy":"origin-when-cross-origin, strict-origin-when-cross-origin","expect-ct":"max-age=2592000, report-uri=\"https://api.github.com/_private/browser/errors\"","content-security-policy":"default-src 'none'; base-uri 'self'; block-all-mixed-content; child-src github.com/assets-cdn/worker/ gist.github.com/assets-cdn/worker/; connect-src 'self' uploads.github.com objects-origin.githubusercontent.com www.githubstatus.com collector.githubapp.com collector.github.com api.github.com github-cloud.s3.amazonaws.com github-production-repository-file-5c1aeb.s3.amazonaws.com github-production-upload-manifest-file-7fdce7.s3.amazonaws.com github-production-user-asset-6210df.s3.amazonaws.com cdn.optimizely.com logx.optimizely.com/v1/events translator.github.com wss://alive.github.com; font-src github.githubassets.com; form-action 'self' github.com gist.github.com objects-origin.githubusercontent.com; frame-ancestors 'none'; frame-src render.githubusercontent.com viewscreen.githubusercontent.com notebooks.githubusercontent.com; img-src 'self' data: github.githubassets.com identicons.github.com collector.githubapp.com collector.github.com github-cloud.s3.amazonaws.com secured-user-images.githubusercontent.com/ *.githubusercontent.com; manifest-src 'self'; media-src github.com user-images.githubusercontent.com/; script-src github.githubassets.com; style-src 'unsafe-inline' github.githubassets.com; worker-src github.com/assets-cdn/worker/ gist.github.com/assets-cdn/worker/","x-github-request-id":"7DD0:4488:2A670A:490A90:61F99D8F"}
[debug] [2022-02-01T20:52:32.743Z] >>> [apiv2][query] GET https://api.github.com/user [none]
[debug] [2022-02-01T20:52:33.533Z] <<< [apiv2][status] GET https://api.github.com/user 200
[debug] [2022-02-01T20:52:33.533Z] <<< [apiv2][body] GET https://api.github.com/user {"login":"Cunati","id":98554802,"node_id":"U_kgDOBd_Tsg","avatar_url":"https://avatars.githubusercontent.com/u/98554802?v=4","gravatar_id":"","url":"https://api.github.com/users/Cunati","html_url":"https://github.com/Cunati","followers_url":"https://api.github.com/users/Cunati/followers","following_url":"https://api.github.com/users/Cunati/following{/other_user}","gists_url":"https://api.github.com/users/Cunati/gists{/gist_id}","starred_url":"https://api.github.com/users/Cunati/starred{/owner}{/repo}","subscriptions_url":"https://api.github.com/users/Cunati/subscriptions","organizations_url":"https://api.github.com/users/Cunati/orgs","repos_url":"https://api.github.com/users/Cunati/repos","events_url":"https://api.github.com/users/Cunati/events{/privacy}","received_events_url":"https://api.github.com/users/Cunati/received_events","type":"User","site_admin":false,"name":null,"company":null,"blog":"","location":null,"email":null,"hireable":null,"bio":null,"twitter_username":null,"public_repos":0,"public_gists":0,"followers":0,"following":0,"created_at":"2022-01-27T19:51:53Z","updated_at":"2022-01-27T21:34:34Z","private_gists":0,"total_private_repos":0,"owned_private_repos":0,"disk_usage":0,"collaborators":0,"two_factor_authentication":false,"plan":{"name":"free","space":976562499,"collaborators":0,"private_repos":10000}}
[info] 
[info] +  Success! Logged into GitHub as Cunati 
[info] 
